<?xml version="1.0" encoding="UTF-8"?>
<!-- Generated by org.testng.reporters.JUnitReportReporter -->
<testsuite hostname="LAPTOP-VU31V5N6" failures="0" tests="1" name="com.project.qa.com.project.qa.AnnotationProg" time="0.010" errors="0" timestamp="9 Sep 2022 09:01:35 GMT">
  <testcase classname="com.project.qa.com.project.qa.AnnotationProg" name="m1" time="0.010"/>
</testsuite>
